Traceback (most recent call last):
  File "/usr/lib/python3/dist-packages/requests/models.py", line 971, in json
    return complexjson.loads(self.text, **kwargs)
           ^^^^^^^^^^^^^^^^^^^^^^^^^^^^^^^^^^^^^^
  File "/usr/lib/python3.12/json/__init__.py", line 346, in loads
    return _default_decoder.decode(s)
           ^^^^^^^^^^^^^^^^^^^^^^^^^^
  File "/usr/lib/python3.12/json/decoder.py", line 337, in decode
    obj, end = self.raw_decode(s, idx=_w(s, 0).end())
               ^^^^^^^^^^^^^^^^^^^^^^^^^^^^^^^^^^^^^^
  File "/usr/lib/python3.12/json/decoder.py", line 355, in raw_decode
    raise JSONDecodeError("Expecting value", s, err.value) from None
json.decoder.JSONDecodeError: Expecting value: line 1 column 1 (char 0)

During handling of the above exception, another exception occurred:

Traceback (most recent call last):
  File "/vol/bitbucket/at2225/Guided-Toponym-and-Anthroponym-Generation/extract.py", line 153, in <module>
    main()
  File "/vol/bitbucket/at2225/Guided-Toponym-and-Anthroponym-Generation/extract.py", line 66, in main
    qids_toponyms = get_qids('toponyms')
                    ^^^^^^^^^^^^^^^^^^^^
  File "/vol/bitbucket/at2225/Guided-Toponym-and-Anthroponym-Generation/extract.py", line 51, in get_qids
    data = r.json()['results']['bindings']
           ^^^^^^^^
  File "/usr/lib/python3/dist-packages/requests/models.py", line 975, in json
    raise RequestsJSONDecodeError(e.msg, e.doc, e.pos)
requests.exceptions.JSONDecodeError: Expecting value: line 1 column 1 (char 0)
